  [1m[36m (7.2ms)[0m  [1mCREATE TABLE "schema_migrations" ("version" character varying NOT NULL) [0m
  [1m[35m (2.6ms)[0m  CREATE UNIQUE INDEX  "unique_schema_migrations" ON "schema_migrations"  ("version")
  [1m[36mActiveRecord::SchemaMigration Load (0.3ms)[0m  [1mSELECT "schema_migrations".* FROM "schema_migrations"[0m
  [1m[35m (1.0ms)[0m  BEGIN
  [1m[36mSQL (6.1ms)[0m  [1mINSERT INTO "songs" ("song_name", "lyric", "created_at", "updated_at") VALUES ($1, $2, $3, $4) RETURNING "id"[0m  [["song_name", "ä¼šæ´¥å¤§å­¦ã®æ ¡æ­Œ"], ["lyric", "ãƒ‘ã‚½ã‚³ãƒ³ã—ã‹ã‚„ã£ã¦ãªã„ã‹ã‚‰é‹å‹•ã«ãŒã¦"], ["created_at", "2016-07-30 20:17:38.504576"], ["updated_at", "2016-07-30 20:17:38.504576"]]
  [1m[35m (0.5ms)[0m  COMMIT
  [1m[36m (0.1ms)[0m  [1mBEGIN[0m
  [1m[35mSQL (0.9ms)[0m  INSERT INTO "lyrics" ("new_lyric", "song_id", "created_at", "updated_at") VALUES ($1, $2, $3, $4) RETURNING "id"  [["new_lyric", "ãƒ‘ã‚½ã‚³ãƒ³ã—ã‹ã‚„ã£ã¦ãªã„ã‹ã‚‰s-xã‚‚ã«ãŒã¦"], ["song_id", 1], ["created_at", "2016-07-30 20:17:38.535679"], ["updated_at", "2016-07-30 20:17:38.535679"]]
  [1m[36m (0.3ms)[0m  [1mCOMMIT[0m
  [1m[35m (0.1ms)[0m  BEGIN
  [1m[36mSQL (0.2ms)[0m  [1mINSERT INTO "songs" ("song_name", "lyric", "created_at", "updated_at") VALUES ($1, $2, $3, $4) RETURNING "id"[0m  [["song_name", "ãƒã‚±ãƒ¢ãƒ³ã‚„ã‚Šã™ãã®ã†ãŸ"], ["lyric", "ã‚ã‚ã‚ãƒ¼ãƒ¼ãƒ¼ãƒã‚±ãƒ¢ãƒ³ã‚„ã‚Šã¦ãƒ¼ãƒ¼ãƒ¼ãƒ¼"], ["created_at", "2016-07-30 20:17:38.538808"], ["updated_at", "2016-07-30 20:17:38.538808"]]
  [1m[35m (0.3ms)[0m  COMMIT
  [1m[36m (0.1ms)[0m  [1mBEGIN[0m
  [1m[35mSQL (0.2ms)[0m  INSERT INTO "lyrics" ("new_lyric", "song_id", "created_at", "updated_at") VALUES ($1, $2, $3, $4) RETURNING "id"  [["new_lyric", "ã‚ãƒ¼ãƒ¼ãƒ¼ãƒ¼ãƒ¼ãƒã‚±ãƒã‚±ã—ã¦ãƒ¼ãƒ¼ãƒ¼ãƒ¼ãƒ¼"], ["song_id", 2], ["created_at", "2016-07-30 20:17:38.541088"], ["updated_at", "2016-07-30 20:17:38.541088"]]
  [1m[36m (0.3ms)[0m  [1mCOMMIT[0m


Started GET "/lyrics" for 127.0.0.1 at 2016-07-31 05:23:28 +0900
Processing by LyricsController#index as */*
  [1m[36mLyric Load (2.6ms)[0m  [1mSELECT "lyrics".* FROM "lyrics"[0m
  [1m[35mSong Load (0.9ms)[0m  SELECT  "songs".* FROM "songs" WHERE "songs"."id" = $1 LIMIT 1  [["id", 1]]
  [1m[36mSong Load (0.4ms)[0m  [1mSELECT  "songs".* FROM "songs" WHERE "songs"."id" = $1 LIMIT 1[0m  [["id", 2]]
  Rendered lyrics/index.json.jbuilder (57.3ms)
Completed 200 OK in 11407ms (Views: 53.2ms | ActiveRecord: 10.1ms)


Started GET "/lyrics" for 127.0.0.1 at 2016-07-31 05:23:42 +0900
Processing by LyricsController#index as */*
  [1m[35mLyric Load (0.3ms)[0m  SELECT "lyrics".* FROM "lyrics"
  [1m[36mSong Load (0.3ms)[0m  [1mSELECT  "songs".* FROM "songs" WHERE "songs"."id" = $1 LIMIT 1[0m  [["id", 1]]
  [1m[35mSong Load (0.3ms)[0m  SELECT  "songs".* FROM "songs" WHERE "songs"."id" = $1 LIMIT 1  [["id", 2]]
  Rendered lyrics/index.json.jbuilder (3.1ms)
Completed 200 OK in 16ms (Views: 2.8ms | ActiveRecord: 0.9ms)


Started GET "/songs" for 127.0.0.1 at 2016-07-31 05:23:51 +0900
Processing by SongsController#index as */*
Completed 200 OK in 0ms (ActiveRecord: 0.0ms)


Started GET "/lyrics" for 127.0.0.1 at 2016-07-31 05:41:33 +0900
  [1m[36mActiveRecord::SchemaMigration Load (0.4ms)[0m  [1mSELECT "schema_migrations".* FROM "schema_migrations"[0m

ActiveRecord::PendingMigrationError - 

Migrations are pending. To resolve this issue, run:

	bin/rake db:migrate RAILS_ENV=development

:
  activerecord (4.2.3) lib/active_record/migration.rb:392:in `check_pending!'
  activerecord (4.2.3) lib/active_record/migration.rb:373:in `call'
  actionpack (4.2.3) lib/action_dispatch/middleware/callbacks.rb:29:in `block in call'
  activesupport (4.2.3) lib/active_support/callbacks.rb:84:in `run_callbacks'
  actionpack (4.2.3) lib/action_dispatch/middleware/callbacks.rb:27:in `call'
  actionpack (4.2.3) lib/action_dispatch/middleware/reloader.rb:73:in `call'
  actionpack (4.2.3) lib/action_dispatch/middleware/remote_ip.rb:78:in `call'
  better_errors (2.1.1) lib/better_errors/middleware.rb:84:in `protected_app_call'
  better_errors (2.1.1) lib/better_errors/middleware.rb:79:in `better_errors_call'
  better_errors (2.1.1) lib/better_errors/middleware.rb:57:in `call'
  actionpack (4.2.3) lib/action_dispatch/middleware/debug_exceptions.rb:17:in `call'
  actionpack (4.2.3) lib/action_dispatch/middleware/show_exceptions.rb:30:in `call'
  railties (4.2.3) lib/rails/rack/logger.rb:38:in `call_app'
  railties (4.2.3) lib/rails/rack/logger.rb:20:in `block in call'
  activesupport (4.2.3) lib/active_support/tagged_logging.rb:68:in `block in tagged'
  activesupport (4.2.3) lib/active_support/tagged_logging.rb:26:in `tagged'
  activesupport (4.2.3) lib/active_support/tagged_logging.rb:68:in `tagged'
  railties (4.2.3) lib/rails/rack/logger.rb:20:in `call'
  actionpack (4.2.3) lib/action_dispatch/middleware/request_id.rb:21:in `call'
  rack (1.6.4) lib/rack/runtime.rb:18:in `call'
  activesupport (4.2.3) lib/active_support/cache/strategy/local_cache_middleware.rb:28:in `call'
  rack (1.6.4) lib/rack/lock.rb:17:in `call'
  actionpack (4.2.3) lib/action_dispatch/middleware/static.rb:116:in `call'
  railties (4.2.3) lib/rails/engine.rb:518:in `call'
  railties (4.2.3) lib/rails/application.rb:165:in `call'
  rack (1.6.4) lib/rack/lock.rb:17:in `call'
  rack (1.6.4) lib/rack/content_length.rb:15:in `call'
  rack (1.6.4) lib/rack/handler/webrick.rb:88:in `service'
  /Users/masaki/.rbenv/versions/2.3.0/lib/ruby/2.3.0/webrick/httpserver.rb:140:in `service'
  /Users/masaki/.rbenv/versions/2.3.0/lib/ruby/2.3.0/webrick/httpserver.rb:96:in `run'
  /Users/masaki/.rbenv/versions/2.3.0/lib/ruby/2.3.0/webrick/server.rb:296:in `block in start_thread'

  [1m[36mActiveRecord::SchemaMigration Load (0.4ms)[0m  [1mSELECT "schema_migrations".* FROM "schema_migrations"[0m


Started GET "/lyrics" for 127.0.0.1 at 2016-07-31 05:42:32 +0900
  [1m[36mActiveRecord::SchemaMigration Load (0.4ms)[0m  [1mSELECT "schema_migrations".* FROM "schema_migrations"[0m

ActiveRecord::PendingMigrationError - 

Migrations are pending. To resolve this issue, run:

	bin/rake db:migrate RAILS_ENV=development

:
  activerecord (4.2.3) lib/active_record/migration.rb:392:in `check_pending!'
  activerecord (4.2.3) lib/active_record/migration.rb:373:in `call'
  actionpack (4.2.3) lib/action_dispatch/middleware/callbacks.rb:29:in `block in call'
  activesupport (4.2.3) lib/active_support/callbacks.rb:84:in `run_callbacks'
  actionpack (4.2.3) lib/action_dispatch/middleware/callbacks.rb:27:in `call'
  actionpack (4.2.3) lib/action_dispatch/middleware/reloader.rb:73:in `call'
  actionpack (4.2.3) lib/action_dispatch/middleware/remote_ip.rb:78:in `call'
  better_errors (2.1.1) lib/better_errors/middleware.rb:84:in `protected_app_call'
  better_errors (2.1.1) lib/better_errors/middleware.rb:79:in `better_errors_call'
  better_errors (2.1.1) lib/better_errors/middleware.rb:57:in `call'
  actionpack (4.2.3) lib/action_dispatch/middleware/debug_exceptions.rb:17:in `call'
  actionpack (4.2.3) lib/action_dispatch/middleware/show_exceptions.rb:30:in `call'
  railties (4.2.3) lib/rails/rack/logger.rb:38:in `call_app'
  railties (4.2.3) lib/rails/rack/logger.rb:20:in `block in call'
  activesupport (4.2.3) lib/active_support/tagged_logging.rb:68:in `block in tagged'
  activesupport (4.2.3) lib/active_support/tagged_logging.rb:26:in `tagged'
  activesupport (4.2.3) lib/active_support/tagged_logging.rb:68:in `tagged'
  railties (4.2.3) lib/rails/rack/logger.rb:20:in `call'
  actionpack (4.2.3) lib/action_dispatch/middleware/request_id.rb:21:in `call'
  rack (1.6.4) lib/rack/runtime.rb:18:in `call'
  activesupport (4.2.3) lib/active_support/cache/strategy/local_cache_middleware.rb:28:in `call'
  rack (1.6.4) lib/rack/lock.rb:17:in `call'
  actionpack (4.2.3) lib/action_dispatch/middleware/static.rb:116:in `call'
  railties (4.2.3) lib/rails/engine.rb:518:in `call'
  railties (4.2.3) lib/rails/application.rb:165:in `call'
  rack (1.6.4) lib/rack/lock.rb:17:in `call'
  rack (1.6.4) lib/rack/content_length.rb:15:in `call'
  rack (1.6.4) lib/rack/handler/webrick.rb:88:in `service'
  /Users/masaki/.rbenv/versions/2.3.0/lib/ruby/2.3.0/webrick/httpserver.rb:140:in `service'
  /Users/masaki/.rbenv/versions/2.3.0/lib/ruby/2.3.0/webrick/httpserver.rb:96:in `run'
  /Users/masaki/.rbenv/versions/2.3.0/lib/ruby/2.3.0/webrick/server.rb:296:in `block in start_thread'



Started GET "/song" for 127.0.0.1 at 2016-07-31 05:42:45 +0900
  [1m[35mActiveRecord::SchemaMigration Load (0.6ms)[0m  SELECT "schema_migrations".* FROM "schema_migrations"

ActiveRecord::PendingMigrationError - 

Migrations are pending. To resolve this issue, run:

	bin/rake db:migrate RAILS_ENV=development

:
  activerecord (4.2.3) lib/active_record/migration.rb:392:in `check_pending!'
  activerecord (4.2.3) lib/active_record/migration.rb:373:in `call'
  actionpack (4.2.3) lib/action_dispatch/middleware/callbacks.rb:29:in `block in call'
  activesupport (4.2.3) lib/active_support/callbacks.rb:84:in `run_callbacks'
  actionpack (4.2.3) lib/action_dispatch/middleware/callbacks.rb:27:in `call'
  actionpack (4.2.3) lib/action_dispatch/middleware/reloader.rb:73:in `call'
  actionpack (4.2.3) lib/action_dispatch/middleware/remote_ip.rb:78:in `call'
  better_errors (2.1.1) lib/better_errors/middleware.rb:84:in `protected_app_call'
  better_errors (2.1.1) lib/better_errors/middleware.rb:79:in `better_errors_call'
  better_errors (2.1.1) lib/better_errors/middleware.rb:57:in `call'
  actionpack (4.2.3) lib/action_dispatch/middleware/debug_exceptions.rb:17:in `call'
  actionpack (4.2.3) lib/action_dispatch/middleware/show_exceptions.rb:30:in `call'
  railties (4.2.3) lib/rails/rack/logger.rb:38:in `call_app'
  railties (4.2.3) lib/rails/rack/logger.rb:20:in `block in call'
  activesupport (4.2.3) lib/active_support/tagged_logging.rb:68:in `block in tagged'
  activesupport (4.2.3) lib/active_support/tagged_logging.rb:26:in `tagged'
  activesupport (4.2.3) lib/active_support/tagged_logging.rb:68:in `tagged'
  railties (4.2.3) lib/rails/rack/logger.rb:20:in `call'
  actionpack (4.2.3) lib/action_dispatch/middleware/request_id.rb:21:in `call'
  rack (1.6.4) lib/rack/runtime.rb:18:in `call'
  activesupport (4.2.3) lib/active_support/cache/strategy/local_cache_middleware.rb:28:in `call'
  rack (1.6.4) lib/rack/lock.rb:17:in `call'
  actionpack (4.2.3) lib/action_dispatch/middleware/static.rb:116:in `call'
  railties (4.2.3) lib/rails/engine.rb:518:in `call'
  railties (4.2.3) lib/rails/application.rb:165:in `call'
  rack (1.6.4) lib/rack/lock.rb:17:in `call'
  rack (1.6.4) lib/rack/content_length.rb:15:in `call'
  rack (1.6.4) lib/rack/handler/webrick.rb:88:in `service'
  /Users/masaki/.rbenv/versions/2.3.0/lib/ruby/2.3.0/webrick/httpserver.rb:140:in `service'
  /Users/masaki/.rbenv/versions/2.3.0/lib/ruby/2.3.0/webrick/httpserver.rb:96:in `run'
  /Users/masaki/.rbenv/versions/2.3.0/lib/ruby/2.3.0/webrick/server.rb:296:in `block in start_thread'



Started GET "/songs" for 127.0.0.1 at 2016-07-31 05:42:47 +0900
  [1m[36mActiveRecord::SchemaMigration Load (0.4ms)[0m  [1mSELECT "schema_migrations".* FROM "schema_migrations"[0m

ActiveRecord::PendingMigrationError - 

Migrations are pending. To resolve this issue, run:

	bin/rake db:migrate RAILS_ENV=development

:
  activerecord (4.2.3) lib/active_record/migration.rb:392:in `check_pending!'
  activerecord (4.2.3) lib/active_record/migration.rb:373:in `call'
  actionpack (4.2.3) lib/action_dispatch/middleware/callbacks.rb:29:in `block in call'
  activesupport (4.2.3) lib/active_support/callbacks.rb:84:in `run_callbacks'
  actionpack (4.2.3) lib/action_dispatch/middleware/callbacks.rb:27:in `call'
  actionpack (4.2.3) lib/action_dispatch/middleware/reloader.rb:73:in `call'
  actionpack (4.2.3) lib/action_dispatch/middleware/remote_ip.rb:78:in `call'
  better_errors (2.1.1) lib/better_errors/middleware.rb:84:in `protected_app_call'
  better_errors (2.1.1) lib/better_errors/middleware.rb:79:in `better_errors_call'
  better_errors (2.1.1) lib/better_errors/middleware.rb:57:in `call'
  actionpack (4.2.3) lib/action_dispatch/middleware/debug_exceptions.rb:17:in `call'
  actionpack (4.2.3) lib/action_dispatch/middleware/show_exceptions.rb:30:in `call'
  railties (4.2.3) lib/rails/rack/logger.rb:38:in `call_app'
  railties (4.2.3) lib/rails/rack/logger.rb:20:in `block in call'
  activesupport (4.2.3) lib/active_support/tagged_logging.rb:68:in `block in tagged'
  activesupport (4.2.3) lib/active_support/tagged_logging.rb:26:in `tagged'
  activesupport (4.2.3) lib/active_support/tagged_logging.rb:68:in `tagged'
  railties (4.2.3) lib/rails/rack/logger.rb:20:in `call'
  actionpack (4.2.3) lib/action_dispatch/middleware/request_id.rb:21:in `call'
  rack (1.6.4) lib/rack/runtime.rb:18:in `call'
  activesupport (4.2.3) lib/active_support/cache/strategy/local_cache_middleware.rb:28:in `call'
  rack (1.6.4) lib/rack/lock.rb:17:in `call'
  actionpack (4.2.3) lib/action_dispatch/middleware/static.rb:116:in `call'
  railties (4.2.3) lib/rails/engine.rb:518:in `call'
  railties (4.2.3) lib/rails/application.rb:165:in `call'
  rack (1.6.4) lib/rack/lock.rb:17:in `call'
  rack (1.6.4) lib/rack/content_length.rb:15:in `call'
  rack (1.6.4) lib/rack/handler/webrick.rb:88:in `service'
  /Users/masaki/.rbenv/versions/2.3.0/lib/ruby/2.3.0/webrick/httpserver.rb:140:in `service'
  /Users/masaki/.rbenv/versions/2.3.0/lib/ruby/2.3.0/webrick/httpserver.rb:96:in `run'
  /Users/masaki/.rbenv/versions/2.3.0/lib/ruby/2.3.0/webrick/server.rb:296:in `block in start_thread'



Started GET "/lyrics" for 127.0.0.1 at 2016-07-31 05:42:52 +0900
  [1m[35mActiveRecord::SchemaMigration Load (0.4ms)[0m  SELECT "schema_migrations".* FROM "schema_migrations"

ActiveRecord::PendingMigrationError - 

Migrations are pending. To resolve this issue, run:

	bin/rake db:migrate RAILS_ENV=development

:
  activerecord (4.2.3) lib/active_record/migration.rb:392:in `check_pending!'
  activerecord (4.2.3) lib/active_record/migration.rb:373:in `call'
  actionpack (4.2.3) lib/action_dispatch/middleware/callbacks.rb:29:in `block in call'
  activesupport (4.2.3) lib/active_support/callbacks.rb:84:in `run_callbacks'
  actionpack (4.2.3) lib/action_dispatch/middleware/callbacks.rb:27:in `call'
  actionpack (4.2.3) lib/action_dispatch/middleware/reloader.rb:73:in `call'
  actionpack (4.2.3) lib/action_dispatch/middleware/remote_ip.rb:78:in `call'
  better_errors (2.1.1) lib/better_errors/middleware.rb:84:in `protected_app_call'
  better_errors (2.1.1) lib/better_errors/middleware.rb:79:in `better_errors_call'
  better_errors (2.1.1) lib/better_errors/middleware.rb:57:in `call'
  actionpack (4.2.3) lib/action_dispatch/middleware/debug_exceptions.rb:17:in `call'
  actionpack (4.2.3) lib/action_dispatch/middleware/show_exceptions.rb:30:in `call'
  railties (4.2.3) lib/rails/rack/logger.rb:38:in `call_app'
  railties (4.2.3) lib/rails/rack/logger.rb:20:in `block in call'
  activesupport (4.2.3) lib/active_support/tagged_logging.rb:68:in `block in tagged'
  activesupport (4.2.3) lib/active_support/tagged_logging.rb:26:in `tagged'
  activesupport (4.2.3) lib/active_support/tagged_logging.rb:68:in `tagged'
  railties (4.2.3) lib/rails/rack/logger.rb:20:in `call'
  actionpack (4.2.3) lib/action_dispatch/middleware/request_id.rb:21:in `call'
  rack (1.6.4) lib/rack/runtime.rb:18:in `call'
  activesupport (4.2.3) lib/active_support/cache/strategy/local_cache_middleware.rb:28:in `call'
  rack (1.6.4) lib/rack/lock.rb:17:in `call'
  actionpack (4.2.3) lib/action_dispatch/middleware/static.rb:116:in `call'
  railties (4.2.3) lib/rails/engine.rb:518:in `call'
  railties (4.2.3) lib/rails/application.rb:165:in `call'
  rack (1.6.4) lib/rack/lock.rb:17:in `call'
  rack (1.6.4) lib/rack/content_length.rb:15:in `call'
  rack (1.6.4) lib/rack/handler/webrick.rb:88:in `service'
  /Users/masaki/.rbenv/versions/2.3.0/lib/ruby/2.3.0/webrick/httpserver.rb:140:in `service'
  /Users/masaki/.rbenv/versions/2.3.0/lib/ruby/2.3.0/webrick/httpserver.rb:96:in `run'
  /Users/masaki/.rbenv/versions/2.3.0/lib/ruby/2.3.0/webrick/server.rb:296:in `block in start_thread'

  [1m[36mActiveRecord::SchemaMigration Load (0.5ms)[0m  [1mSELECT "schema_migrations".* FROM "schema_migrations"[0m


Started GET "/songs" for 127.0.0.1 at 2016-07-31 06:11:15 +0900
Processing by SongsController#index as */*
  [1m[36mSong Load (1.2ms)[0m  [1mSELECT "songs".* FROM "songs"[0m
  Rendered songs/index.json.jbuilder (20.3ms)
Completed 200 OK in 54ms (Views: 20.1ms | ActiveRecord: 6.3ms)


Started GET "/lyrics" for 127.0.0.1 at 2016-07-31 06:11:21 +0900
Processing by LyricsController#index as */*
  [1m[35mLyric Load (1.1ms)[0m  SELECT "lyrics".* FROM "lyrics"
  [1m[36mSong Load (0.5ms)[0m  [1mSELECT  "songs".* FROM "songs" WHERE "songs"."id" = $1 LIMIT 1[0m  [["id", 1]]
  [1m[35mSong Load (1.1ms)[0m  SELECT  "songs".* FROM "songs" WHERE "songs"."id" = $1 LIMIT 1  [["id", 2]]
  Rendered lyrics/index.json.jbuilder (35.7ms)
Completed 200 OK in 44ms (Views: 33.4ms | ActiveRecord: 4.8ms)


Started POST "/twitter_infos" for ::1 at 2016-07-31 06:41:34 +0900
Processing by TwitterInfosController#create as */*
  Parameters: {"content"=>["èƒ½åŠ›å¼·åŒ–çŠ¶æ…‹ã§ãƒãƒƒã‚«ã‚½ãƒ³ãŒå‡ºæ¥ã‚‹ã®ã‹ã€å®Ÿéš›ã«ã‚„ã£ã¦ã¿ãŸã„", "ä½“èª¿ãŒè‰¯ããªã£ã¦ããŸ", "ã¨ãªã‚Šã®ã•ã¦ãã‚“ãŒã‚ã¡ã‚ƒãã¡ã‚ƒã‹ã‚†ãã†ã«ã—ã¦ã‚‹", "çŸ³å·»ãƒãƒƒã‚«ã‚½ãƒ³ã«æ¥ãŸ", "ãƒãƒƒã‚«ã‚½ãƒ³ä¸­ã€ã€ã€ã‚‚ã†ã™ãã‚«ãƒ¬ãƒ¼ãŒæ¥ã‚‹ã‚‰ã—ã„", "ã„ã‚„ãƒ¼ã€ç‰›ã‚¿ãƒ³ã¯ã„ã„ãã‰ï½", "å·®ã—å…¥ã‚Œã‚ã¡ã‚ƒãã¡ã‚ƒå¬‰ã—ã„ã§ã™ï¼\nã‚ã‚ŠãŒã¨ã†ã”ã–ã„ã¾ã™ï¼", "çŸ³å·»ãƒãƒƒã‚«ã‚½ãƒ³æœ€é«˜ï¼", "èƒ½åŠ›å¼·åŒ–çŠ¶æ…‹ã§ãƒãƒƒã‚«ã‚½ãƒ³ãŒå‡ºæ¥ã‚‹ã®ã‹ã€å®Ÿéš›ã«ã‚„ã£ã¦ã¿ãŸã„", "ä½“èª¿ãŒè‰¯ããªã£ã¦ããŸ", "ã¨ãªã‚Šã®ã•ã¦ãã‚“ãŒã‚ã¡ã‚ƒãã¡ã‚ƒã‹ã‚†ãã†ã«ã—ã¦ã‚‹", "çŸ³å·»ãƒãƒƒã‚«ã‚½ãƒ³ã«æ¥ãŸ", "ãƒãƒƒã‚«ã‚½ãƒ³ä¸­ã€ã€ã€ã‚‚ã†ã™ãã‚«ãƒ¬ãƒ¼ãŒæ¥ã‚‹ã‚‰ã—ã„", "ã„ã‚„ãƒ¼ã€ç‰›ã‚¿ãƒ³ã¯ã„ã„ãã‰ï½", "å·®ã—å…¥ã‚Œã‚ã¡ã‚ƒãã¡ã‚ƒå¬‰ã—ã„ã§ã™ï¼\nã‚ã‚ŠãŒã¨ã†ã”ã–ã„ã¾ã™ï¼", "çŸ³å·»ãƒãƒƒã‚«ã‚½ãƒ³æœ€é«˜ï¼"]}
PG::UndefinedTable: ERROR:  relation "twitter_infos" does not exist
LINE 5:                WHERE a.attrelid = '"twitter_infos"'::regclas...
                                          ^
:               SELECT a.attname, format_type(a.atttypid, a.atttypmod),
                     pg_get_expr(d.adbin, d.adrelid), a.attnotnull, a.atttypid, a.atttypmod
                FROM pg_attribute a LEFT JOIN pg_attrdef d
                  ON a.attrelid = d.adrelid AND a.attnum = d.adnum
               WHERE a.attrelid = '"twitter_infos"'::regclass
                 AND a.attnum > 0 AND NOT a.attisdropped
               ORDER BY a.attnum

Completed 500 Internal Server Error in 6ms (ActiveRecord: 2.7ms)

PG::UndefinedTable - ERROR:  relation "twitter_infos" does not exist
LINE 5:                WHERE a.attrelid = '"twitter_infos"'::regclas...
                                          ^
:
  activerecord (4.2.3) lib/active_record/connection_adapters/postgresql_adapter.rb:596:in `async_exec'
  activerecord (4.2.3) lib/active_record/connection_adapters/postgresql_adapter.rb:596:in `block in exec_no_cache'
  activerecord (4.2.3) lib/active_record/connection_adapters/abstract_adapter.rb:473:in `block in log'
  activesupport (4.2.3) lib/active_support/notifications/instrumenter.rb:20:in `instrument'
  activerecord (4.2.3) lib/active_record/connection_adapters/abstract_adapter.rb:467:in `log'
  activerecord (4.2.3) lib/active_record/connection_adapters/postgresql_adapter.rb:596:in `exec_no_cache'
  activerecord (4.2.3) lib/active_record/connection_adapters/postgresql_adapter.rb:588:in `execute_and_clear'
  activerecord (4.2.3) lib/active_record/connection_adapters/postgresql/database_statements.rb:160:in `exec_query'
  activerecord (4.2.3) lib/active_record/connection_adapters/postgresql_adapter.rb:737:in `column_definitions'
  activerecord (4.2.3) lib/active_record/connection_adapters/postgresql/schema_statements.rb:186:in `columns'
  activerecord (4.2.3) lib/active_record/connection_adapters/schema_cache.rb:43:in `columns'
  activerecord (4.2.3) lib/active_record/attributes.rb:93:in `columns'
  activerecord (4.2.3) lib/active_record/attributes.rb:98:in `columns_hash'
  activerecord (4.2.3) lib/active_record/inheritance.rb:205:in `subclass_from_attributes?'
  activerecord (4.2.3) lib/active_record/inheritance.rb:54:in `new'
  activerecord (4.2.3) lib/active_record/persistence.rb:33:in `create'
  app/controllers/twitter_infos_controller.rb:6:in `block in create'
  app/controllers/twitter_infos_controller.rb:5:in `each'
  app/controllers/twitter_infos_controller.rb:5:in `create'
  actionpack (4.2.3) lib/abstract_controller/base.rb:198:in `process_action'
  actionpack (4.2.3) lib/action_controller/metal/rendering.rb:10:in `process_action'
  actionpack (4.2.3) lib/abstract_controller/callbacks.rb:20:in `block in process_action'
  activesupport (4.2.3) lib/active_support/callbacks.rb:84:in `run_callbacks'
  actionpack (4.2.3) lib/abstract_controller/callbacks.rb:19:in `process_action'
  actionpack (4.2.3) lib/action_controller/metal/rescue.rb:29:in `process_action'
  actionpack (4.2.3) lib/action_controller/metal/instrumentation.rb:32:in `block in process_action'
  activesupport (4.2.3) lib/active_support/notifications.rb:164:in `block in instrument'
  activesupport (4.2.3) lib/active_support/notifications/instrumenter.rb:20:in `instrument'
  activesupport (4.2.3) lib/active_support/notifications.rb:164:in `instrument'
  actionpack (4.2.3) lib/action_controller/metal/instrumentation.rb:30:in `process_action'
  activerecord (4.2.3) lib/active_record/railties/controller_runtime.rb:18:in `process_action'
  actionpack (4.2.3) lib/abstract_controller/base.rb:137:in `process'
  actionview (4.2.3) lib/action_view/rendering.rb:30:in `process'
  actionpack (4.2.3) lib/action_controller/metal.rb:196:in `dispatch'
  actionpack (4.2.3) lib/action_controller/metal/rack_delegation.rb:13:in `dispatch'
  actionpack (4.2.3) lib/action_controller/metal.rb:237:in `block in action'
  actionpack (4.2.3) lib/action_dispatch/routing/route_set.rb:76:in `dispatch'
  actionpack (4.2.3) lib/action_dispatch/routing/route_set.rb:45:in `serve'
  actionpack (4.2.3) lib/action_dispatch/journey/router.rb:43:in `block in serve'
  actionpack (4.2.3) lib/action_dispatch/journey/router.rb:30:in `each'
  actionpack (4.2.3) lib/action_dispatch/journey/router.rb:30:in `serve'
  actionpack (4.2.3) lib/action_dispatch/routing/route_set.rb:821:in `call'
  rack (1.6.4) lib/rack/etag.rb:24:in `call'
  rack (1.6.4) lib/rack/conditionalget.rb:38:in `call'
  rack (1.6.4) lib/rack/head.rb:13:in `call'
  actionpack (4.2.3) lib/action_dispatch/middleware/params_parser.rb:27:in `call'
  activerecord (4.2.3) lib/active_record/query_cache.rb:36:in `call'
  activerecord (4.2.3) lib/active_record/connection_adapters/abstract/connection_pool.rb:653:in `call'
  activerecord (4.2.3) lib/active_record/migration.rb:377:in `call'
  actionpack (4.2.3) lib/action_dispatch/middleware/callbacks.rb:29:in `block in call'
  activesupport (4.2.3) lib/active_support/callbacks.rb:84:in `run_callbacks'
  actionpack (4.2.3) lib/action_dispatch/middleware/callbacks.rb:27:in `call'
  actionpack (4.2.3) lib/action_dispatch/middleware/reloader.rb:73:in `call'
  actionpack (4.2.3) lib/action_dispatch/middleware/remote_ip.rb:78:in `call'
  better_errors (2.1.1) lib/better_errors/middleware.rb:84:in `protected_app_call'
  better_errors (2.1.1) lib/better_errors/middleware.rb:79:in `better_errors_call'
  better_errors (2.1.1) lib/better_errors/middleware.rb:57:in `call'
  actionpack (4.2.3) lib/action_dispatch/middleware/debug_exceptions.rb:17:in `call'
  actionpack (4.2.3) lib/action_dispatch/middleware/show_exceptions.rb:30:in `call'
  railties (4.2.3) lib/rails/rack/logger.rb:38:in `call_app'
  railties (4.2.3) lib/rails/rack/logger.rb:20:in `block in call'
  activesupport (4.2.3) lib/active_support/tagged_logging.rb:68:in `block in tagged'
  activesupport (4.2.3) lib/active_support/tagged_logging.rb:26:in `tagged'
  activesupport (4.2.3) lib/active_support/tagged_logging.rb:68:in `tagged'
  railties (4.2.3) lib/rails/rack/logger.rb:20:in `call'
  actionpack (4.2.3) lib/action_dispatch/middleware/request_id.rb:21:in `call'
  rack (1.6.4) lib/rack/runtime.rb:18:in `call'
  activesupport (4.2.3) lib/active_support/cache/strategy/local_cache_middleware.rb:28:in `call'
  rack (1.6.4) lib/rack/lock.rb:17:in `call'
  actionpack (4.2.3) lib/action_dispatch/middleware/static.rb:116:in `call'
  railties (4.2.3) lib/rails/engine.rb:518:in `call'
  railties (4.2.3) lib/rails/application.rb:165:in `call'
  rack (1.6.4) lib/rack/lock.rb:17:in `call'
  rack (1.6.4) lib/rack/content_length.rb:15:in `call'
  rack (1.6.4) lib/rack/handler/webrick.rb:88:in `service'
  /Users/masaki/.rbenv/versions/2.3.0/lib/ruby/2.3.0/webrick/httpserver.rb:140:in `service'
  /Users/masaki/.rbenv/versions/2.3.0/lib/ruby/2.3.0/webrick/httpserver.rb:96:in `run'
  /Users/masaki/.rbenv/versions/2.3.0/lib/ruby/2.3.0/webrick/server.rb:296:in `block in start_thread'



Started POST "/twitter_infos" for ::1 at 2016-07-31 06:45:34 +0900
Processing by TwitterInfosController#create as */*
  Parameters: {"content"=>["èƒ½åŠ›å¼·åŒ–çŠ¶æ…‹ã§ãƒãƒƒã‚«ã‚½ãƒ³ãŒå‡ºæ¥ã‚‹ã®ã‹ã€å®Ÿéš›ã«ã‚„ã£ã¦ã¿ãŸã„", "ä½“èª¿ãŒè‰¯ããªã£ã¦ããŸ", "ã¨ãªã‚Šã®ã•ã¦ãã‚“ãŒã‚ã¡ã‚ƒãã¡ã‚ƒã‹ã‚†ãã†ã«ã—ã¦ã‚‹", "çŸ³å·»ãƒãƒƒã‚«ã‚½ãƒ³ã«æ¥ãŸ", "ãƒãƒƒã‚«ã‚½ãƒ³ä¸­ã€ã€ã€ã‚‚ã†ã™ãã‚«ãƒ¬ãƒ¼ãŒæ¥ã‚‹ã‚‰ã—ã„", "ã„ã‚„ãƒ¼ã€ç‰›ã‚¿ãƒ³ã¯ã„ã„ãã‰ï½", "å·®ã—å…¥ã‚Œã‚ã¡ã‚ƒãã¡ã‚ƒå¬‰ã—ã„ã§ã™ï¼\nã‚ã‚ŠãŒã¨ã†ã”ã–ã„ã¾ã™ï¼", "çŸ³å·»ãƒãƒƒã‚«ã‚½ãƒ³æœ€é«˜ï¼", "èƒ½åŠ›å¼·åŒ–çŠ¶æ…‹ã§ãƒãƒƒã‚«ã‚½ãƒ³ãŒå‡ºæ¥ã‚‹ã®ã‹ã€å®Ÿéš›ã«ã‚„ã£ã¦ã¿ãŸã„", "ä½“èª¿ãŒè‰¯ããªã£ã¦ããŸ", "ã¨ãªã‚Šã®ã•ã¦ãã‚“ãŒã‚ã¡ã‚ƒãã¡ã‚ƒã‹ã‚†ãã†ã«ã—ã¦ã‚‹", "çŸ³å·»ãƒãƒƒã‚«ã‚½ãƒ³ã«æ¥ãŸ", "ãƒãƒƒã‚«ã‚½ãƒ³ä¸­ã€ã€ã€ã‚‚ã†ã™ãã‚«ãƒ¬ãƒ¼ãŒæ¥ã‚‹ã‚‰ã—ã„", "ã„ã‚„ãƒ¼ã€ç‰›ã‚¿ãƒ³ã¯ã„ã„ãã‰ï½", "å·®ã—å…¥ã‚Œã‚ã¡ã‚ƒãã¡ã‚ƒå¬‰ã—ã„ã§ã™ï¼\nã‚ã‚ŠãŒã¨ã†ã”ã–ã„ã¾ã™ï¼", "çŸ³å·»ãƒãƒƒã‚«ã‚½ãƒ³æœ€é«˜ï¼"]}
  [1m[36m (0.1ms)[0m  [1mBEGIN[0m
  [1m[35mSQL (0.7ms)[0m  INSERT INTO "twitter_infos" ("content", "created_at", "updated_at") VALUES ($1, $2, $3) RETURNING "id"  [["content", "èƒ½åŠ›å¼·åŒ–çŠ¶æ…‹ã§ãƒãƒƒã‚«ã‚½ãƒ³ãŒå‡ºæ¥ã‚‹ã®ã‹ã€å®Ÿéš›ã«ã‚„ã£ã¦ã¿ãŸã„"], ["created_at", "2016-07-30 21:45:34.777196"], ["updated_at", "2016-07-30 21:45:34.777196"]]
  [1m[36m (0.4ms)[0m  [1mCOMMIT[0m
  [1m[35m (0.1ms)[0m  BEGIN
  [1m[36mSQL (0.2ms)[0m  [1mINSERT INTO "twitter_infos" ("content", "created_at", "updated_at") VALUES ($1, $2, $3) RETURNING "id"[0m  [["content", "ä½“èª¿ãŒè‰¯ããªã£ã¦ããŸ"], ["created_at", "2016-07-30 21:45:34.782473"], ["updated_at", "2016-07-30 21:45:34.782473"]]
  [1m[35m (3.3ms)[0m  COMMIT
  [1m[36m (0.2ms)[0m  [1mBEGIN[0m
  [1m[35mSQL (0.3ms)[0m  INSERT INTO "twitter_infos" ("content", "created_at", "updated_at") VALUES ($1, $2, $3) RETURNING "id"  [["content", "ã¨ãªã‚Šã®ã•ã¦ãã‚“ãŒã‚ã¡ã‚ƒãã¡ã‚ƒã‹ã‚†ãã†ã«ã—ã¦ã‚‹"], ["created_at", "2016-07-30 21:45:34.787972"], ["updated_at", "2016-07-30 21:45:34.787972"]]
  [1m[36m (0.3ms)[0m  [1mCOMMIT[0m
  [1m[35m (0.1ms)[0m  BEGIN
  [1m[36mSQL (0.2ms)[0m  [1mINSERT INTO "twitter_infos" ("content", "created_at", "updated_at") VALUES ($1, $2, $3) RETURNING "id"[0m  [["content", "çŸ³å·»ãƒãƒƒã‚«ã‚½ãƒ³ã«æ¥ãŸ"], ["created_at", "2016-07-30 21:45:34.790084"], ["updated_at", "2016-07-30 21:45:34.790084"]]
  [1m[35m (0.3ms)[0m  COMMIT
  [1m[36m (0.1ms)[0m  [1mBEGIN[0m
  [1m[35mSQL (0.2ms)[0m  INSERT INTO "twitter_infos" ("content", "created_at", "updated_at") VALUES ($1, $2, $3) RETURNING "id"  [["content", "ãƒãƒƒã‚«ã‚½ãƒ³ä¸­ã€ã€ã€ã‚‚ã†ã™ãã‚«ãƒ¬ãƒ¼ãŒæ¥ã‚‹ã‚‰ã—ã„"], ["created_at", "2016-07-30 21:45:34.791857"], ["updated_at", "2016-07-30 21:45:34.791857"]]
  [1m[36m (0.3ms)[0m  [1mCOMMIT[0m
  [1m[35m (0.1ms)[0m  BEGIN
  [1m[36mSQL (0.2ms)[0m  [1mINSERT INTO "twitter_infos" ("content", "created_at", "updated_at") VALUES ($1, $2, $3) RETURNING "id"[0m  [["content", "ã„ã‚„ãƒ¼ã€ç‰›ã‚¿ãƒ³ã¯ã„ã„ãã‰ï½"], ["created_at", "2016-07-30 21:45:34.837782"], ["updated_at", "2016-07-30 21:45:34.837782"]]
  [1m[35m (0.3ms)[0m  COMMIT
  [1m[36m (0.1ms)[0m  [1mBEGIN[0m
  [1m[35mSQL (0.2ms)[0m  INSERT INTO "twitter_infos" ("content", "created_at", "updated_at") VALUES ($1, $2, $3) RETURNING "id"  [["content", "å·®ã—å…¥ã‚Œã‚ã¡ã‚ƒãã¡ã‚ƒå¬‰ã—ã„ã§ã™ï¼\nã‚ã‚ŠãŒã¨ã†ã”ã–ã„ã¾ã™ï¼"], ["created_at", "2016-07-30 21:45:34.839540"], ["updated_at", "2016-07-30 21:45:34.839540"]]
  [1m[36m (0.3ms)[0m  [1mCOMMIT[0m
  [1m[35m (0.3ms)[0m  BEGIN
  [1m[36mSQL (0.7ms)[0m  [1mINSERT INTO "twitter_infos" ("content", "created_at", "updated_at") VALUES ($1, $2, $3) RETURNING "id"[0m  [["content", "çŸ³å·»ãƒãƒƒã‚«ã‚½ãƒ³æœ€é«˜ï¼"], ["created_at", "2016-07-30 21:45:34.842049"], ["updated_at", "2016-07-30 21:45:34.842049"]]
  [1m[35m (0.7ms)[0m  COMMIT
  [1m[36m (0.2ms)[0m  [1mBEGIN[0m
  [1m[35mSQL (0.3ms)[0m  INSERT INTO "twitter_infos" ("content", "created_at", "updated_at") VALUES ($1, $2, $3) RETURNING "id"  [["content", "èƒ½åŠ›å¼·åŒ–çŠ¶æ…‹ã§ãƒãƒƒã‚«ã‚½ãƒ³ãŒå‡ºæ¥ã‚‹ã®ã‹ã€å®Ÿéš›ã«ã‚„ã£ã¦ã¿ãŸã„"], ["created_at", "2016-07-30 21:45:34.847789"], ["updated_at", "2016-07-30 21:45:34.847789"]]
  [1m[36m (0.3ms)[0m  [1mCOMMIT[0m
  [1m[35m (0.1ms)[0m  BEGIN
  [1m[36mSQL (0.2ms)[0m  [1mINSERT INTO "twitter_infos" ("content", "created_at", "updated_at") VALUES ($1, $2, $3) RETURNING "id"[0m  [["content", "ä½“èª¿ãŒè‰¯ããªã£ã¦ããŸ"], ["created_at", "2016-07-30 21:45:34.850526"], ["updated_at", "2016-07-30 21:45:34.850526"]]
  [1m[35m (0.4ms)[0m  COMMIT
  [1m[36m (0.1ms)[0m  [1mBEGIN[0m
  [1m[35mSQL (0.2ms)[0m  INSERT INTO "twitter_infos" ("content", "created_at", "updated_at") VALUES ($1, $2, $3) RETURNING "id"  [["content", "ã¨ãªã‚Šã®ã•ã¦ãã‚“ãŒã‚ã¡ã‚ƒãã¡ã‚ƒã‹ã‚†ãã†ã«ã—ã¦ã‚‹"], ["created_at", "2016-07-30 21:45:34.852338"], ["updated_at", "2016-07-30 21:45:34.852338"]]
  [1m[36m (0.3ms)[0m  [1mCOMMIT[0m
  [1m[35m (0.1ms)[0m  BEGIN
  [1m[36mSQL (0.2ms)[0m  [1mINSERT INTO "twitter_infos" ("content", "created_at", "updated_at") VALUES ($1, $2, $3) RETURNING "id"[0m  [["content", "çŸ³å·»ãƒãƒƒã‚«ã‚½ãƒ³ã«æ¥ãŸ"], ["created_at", "2016-07-30 21:45:34.854137"], ["updated_at", "2016-07-30 21:45:34.854137"]]
  [1m[35m (0.3ms)[0m  COMMIT
  [1m[36m (0.1ms)[0m  [1mBEGIN[0m
  [1m[35mSQL (0.2ms)[0m  INSERT INTO "twitter_infos" ("content", "created_at", "updated_at") VALUES ($1, $2, $3) RETURNING "id"  [["content", "ãƒãƒƒã‚«ã‚½ãƒ³ä¸­ã€ã€ã€ã‚‚ã†ã™ãã‚«ãƒ¬ãƒ¼ãŒæ¥ã‚‹ã‚‰ã—ã„"], ["created_at", "2016-07-30 21:45:34.855985"], ["updated_at", "2016-07-30 21:45:34.855985"]]
  [1m[36m (0.3ms)[0m  [1mCOMMIT[0m
  [1m[35m (0.1ms)[0m  BEGIN
  [1m[36mSQL (0.2ms)[0m  [1mINSERT INTO "twitter_infos" ("content", "created_at", "updated_at") VALUES ($1, $2, $3) RETURNING "id"[0m  [["content", "ã„ã‚„ãƒ¼ã€ç‰›ã‚¿ãƒ³ã¯ã„ã„ãã‰ï½"], ["created_at", "2016-07-30 21:45:34.857788"], ["updated_at", "2016-07-30 21:45:34.857788"]]
  [1m[35m (0.3ms)[0m  COMMIT
  [1m[36m (0.1ms)[0m  [1mBEGIN[0m
  [1m[35mSQL (0.2ms)[0m  INSERT INTO "twitter_infos" ("content", "created_at", "updated_at") VALUES ($1, $2, $3) RETURNING "id"  [["content", "å·®ã—å…¥ã‚Œã‚ã¡ã‚ƒãã¡ã‚ƒå¬‰ã—ã„ã§ã™ï¼\nã‚ã‚ŠãŒã¨ã†ã”ã–ã„ã¾ã™ï¼"], ["created_at", "2016-07-30 21:45:34.859316"], ["updated_at", "2016-07-30 21:45:34.859316"]]
  [1m[36m (0.3ms)[0m  [1mCOMMIT[0m
  [1m[35m (0.1ms)[0m  BEGIN
  [1m[36mSQL (0.2ms)[0m  [1mINSERT INTO "twitter_infos" ("content", "created_at", "updated_at") VALUES ($1, $2, $3) RETURNING "id"[0m  [["content", "çŸ³å·»ãƒãƒƒã‚«ã‚½ãƒ³æœ€é«˜ï¼"], ["created_at", "2016-07-30 21:45:34.860901"], ["updated_at", "2016-07-30 21:45:34.860901"]]
  [1m[35m (0.3ms)[0m  COMMIT
  Rendered twitter_infos/create.json.jbuilder (4.5ms)
Completed 200 OK in 123ms (Views: 10.0ms | ActiveRecord: 19.5ms)
  [1m[36mActiveRecord::SchemaMigration Load (0.4ms)[0m  [1mSELECT "schema_migrations".* FROM "schema_migrations"[0m
  [1m[35m (0.1ms)[0m  BEGIN
  [1m[36mSQL (1.0ms)[0m  [1mINSERT INTO "songs" ("song_name", "lyric", "created_at", "updated_at") VALUES ($1, $2, $3, $4) RETURNING "id"[0m  [["song_name", "ä¼šæ´¥å¤§å­¦ã®æ ¡æ­Œ"], ["lyric", "ãƒ‘ã‚½ã‚³ãƒ³ã—ã‹ã‚„ã£ã¦ãªã„ã‹ã‚‰é‹å‹•ã«ãŒã¦"], ["created_at", "2016-07-30 22:05:29.212224"], ["updated_at", "2016-07-30 22:05:29.212224"]]
  [1m[35m (0.4ms)[0m  COMMIT
  [1m[36m (0.1ms)[0m  [1mBEGIN[0m
  [1m[35mSQL (0.9ms)[0m  INSERT INTO "lyrics" ("new_lyric", "song_id", "created_at", "updated_at") VALUES ($1, $2, $3, $4) RETURNING "id"  [["new_lyric", "ãƒ‘ã‚½ã‚³ãƒ³ã—ã‹ã‚„ã£ã¦ãªã„ã‹ã‚‰s-xã‚‚ã«ãŒã¦"], ["song_id", 3], ["created_at", "2016-07-30 22:05:29.239649"], ["updated_at", "2016-07-30 22:05:29.239649"]]
  [1m[36m (0.4ms)[0m  [1mCOMMIT[0m
  [1m[35m (0.1ms)[0m  BEGIN
  [1m[36mSQL (0.2ms)[0m  [1mINSERT INTO "songs" ("song_name", "lyric", "created_at", "updated_at") VALUES ($1, $2, $3, $4) RETURNING "id"[0m  [["song_name", "ãƒã‚±ãƒ¢ãƒ³ã‚„ã‚Šã™ãã®ã†ãŸ"], ["lyric", "ã‚ã‚ã‚ãƒ¼ãƒ¼ãƒ¼ãƒã‚±ãƒ¢ãƒ³ã‚„ã‚Šã¦ãƒ¼ãƒ¼ãƒ¼ãƒ¼"], ["created_at", "2016-07-30 22:05:29.242875"], ["updated_at", "2016-07-30 22:05:29.242875"]]
  [1m[35m (0.3ms)[0m  COMMIT
  [1m[36m (0.1ms)[0m  [1mBEGIN[0m
  [1m[35mSQL (0.2ms)[0m  INSERT INTO "lyrics" ("new_lyric", "song_id", "created_at", "updated_at") VALUES ($1, $2, $3, $4) RETURNING "id"  [["new_lyric", "ã‚ãƒ¼ãƒ¼ãƒ¼ãƒ¼ãƒ¼ãƒã‚±ãƒã‚±ã—ã¦ãƒ¼ãƒ¼ãƒ¼ãƒ¼ãƒ¼"], ["song_id", 4], ["created_at", "2016-07-30 22:05:29.245113"], ["updated_at", "2016-07-30 22:05:29.245113"]]
  [1m[36m (0.3ms)[0m  [1mCOMMIT[0m
  [1m[35m (0.1ms)[0m  BEGIN
  [1m[36mSQL (0.2ms)[0m  [1mINSERT INTO "songs" ("song_name", "lyric", "created_at", "updated_at") VALUES ($1, $2, $3, $4) RETURNING "id"[0m  [["song_name", "ã‚­ã‚»ã‚­"], ["lyric", "ï¼’äººå¯„ã‚Šæ·»ã£ã¦æ­©ã„ã¦ æ°¸ä¹…ã®æ„›ã‚’å½¢ã«ã—ã¦ ã„ã¤ã¾ã§ã‚‚å›ã®æ¨ªã§ ç¬‘ã£ã¦ã„ãŸãã¦ ã‚¢ãƒªã‚¬ãƒˆã‚¦ã‚„ Ah æ„›ã—ã¦ã‚‹ã˜ã‚ƒã¾ã è¶³ã‚Šãªã„ã‘ã© ã›ã‚ã¦è¨€ã‚ã›ã¦ã€Œå¹¸ã›ã§ã™ã€ã¨"], ["created_at", "2016-07-30 22:05:29.246771"], ["updated_at", "2016-07-30 22:05:29.246771"]]
  [1m[35m (0.3ms)[0m  COMMIT
  [1m[36m (0.1ms)[0m  [1mBEGIN[0m
  [1m[35mSQL (0.2ms)[0m  INSERT INTO "songs" ("song_name", "lyric", "created_at", "updated_at") VALUES ($1, $2, $3, $4) RETURNING "id"  [["song_name", "é’é›²"], ["lyric", "é’é›² ãã‚Œã¯ å›ãŒè¦‹ãŸå…‰ ã¼ããŒ ã¿ãŸ å¸Œæœ› é’é›² ãã‚Œã¯ ãµã‚Œã‚ã„ã®å¿ƒ å¹¸ã›ã® é’ã„ é›² é’é›²"], ["created_at", "2016-07-30 22:05:29.248336"], ["updated_at", "2016-07-30 22:05:29.248336"]]
  [1m[36m (0.3ms)[0m  [1mCOMMIT[0m
  [1m[35m (0.1ms)[0m  BEGIN
  [1m[36mSQL (0.2ms)[0m  [1mINSERT INTO "songs" ("song_name", "lyric", "created_at", "updated_at") VALUES ($1, $2, $3, $4) RETURNING "id"[0m  [["song_name", "ã•ãã‚‰ã‚“ã¼"], ["lyric", "ç¬‘é¡”å’²ã å›ã¨ã¤ãªãŒã£ã¦ãŸã„ ã‚‚ã—ã‚ã®å‘ã“ã†ã«è¦‹ãˆã‚‹ã‚‚ã®ãŒã‚ã‚‹ãªã‚‰ æ„›ã—ã‚ã†ãµãŸã‚Š å¹¸ã›ã®ç©º éš£ã©ãŠã— ã‚ãªãŸã¨ã‚ãŸã— ã•ãã‚‰ã‚“ã¼"], ["created_at", "2016-07-30 22:05:29.249868"], ["updated_at", "2016-07-30 22:05:29.249868"]]
  [1m[35m (0.3ms)[0m  COMMIT
  [1m[36m (0.1ms)[0m  [1mBEGIN[0m
  [1m[35mSQL (0.2ms)[0m  INSERT INTO "songs" ("song_name", "lyric", "created_at", "updated_at") VALUES ($1, $2, $3, $4) RETURNING "id"  [["song_name", "ultra soul"], ["lyric", "å¤¢ã˜ã‚ƒãªã„ã‚ã‚Œã‚‚ã“ã‚Œã‚‚ ãã®æ‰‹ã§ãƒ‰ã‚¢ã‚’é–‹ã‘ã¾ã—ã‚‡ã† ç¥ç¦ãŒæ¬²ã—ã„ã®ãªã‚‰ æ‚²ã—ã¿ã‚’çŸ¥ã‚Š ã²ã¨ã‚Šã§æ³£ãã¾ã—ã‚‡ã† ãã—ã¦è¼ã ã‚¦ãƒ«ãƒˆãƒ©ã‚½ã‚¦ãƒ«"], ["created_at", "2016-07-30 22:05:29.251374"], ["updated_at", "2016-07-30 22:05:29.251374"]]
  [1m[36m (0.3ms)[0m  [1mCOMMIT[0m
  [1m[35m (0.1ms)[0m  BEGIN
  [1m[36mSQL (0.1ms)[0m  [1mINSERT INTO "songs" ("song_name", "lyric", "created_at", "updated_at") VALUES ($1, $2, $3, $4) RETURNING "id"[0m  [["song_name", "ãƒãƒ¬æ™´ãƒ¬ãƒ¦ã‚«ã‚¤"], ["lyric", "ã‚ã‚‹æ™´ã‚ŒãŸæ—¥ã®ã“ã¨ é­”æ³•ä»¥ä¸Šã®ãƒ¦ã‚«ã‚¤ãŒ é™ã‚Šãªãé™ã‚Šããã ä¸å¯èƒ½ã˜ã‚ƒãªã„ã‚ æ˜æ—¥ã¾ãŸåˆã†ã¨ã ç¬‘ã„ãªãŒã‚‰ãƒãƒŸãƒ³ã‚° å¬‰ã—ã•ã‚’é›†ã‚ã‚ˆã† ã‚«ãƒ³ã‚¿ãƒ³ãªã‚“ã ã‚ˆ ã“ã‚“ãªã® è¿½ã„ã‹ã‘ã¦ã­ ã¤ã‹ã¾ãˆã¦ã¿ã¦ ãŠãŠããª å¤¢ å¤¢ ã‚¹ã‚­ã§ã—ã‚‡ã†ï¼Ÿ"], ["created_at", "2016-07-30 22:05:29.252926"], ["updated_at", "2016-07-30 22:05:29.252926"]]
  [1m[35m (0.3ms)[0m  COMMIT
  [1m[36m (0.1ms)[0m  [1mBEGIN[0m
  [1m[35mSQL (0.1ms)[0m  INSERT INTO "songs" ("song_name", "lyric", "created_at", "updated_at") VALUES ($1, $2, $3, $4) RETURNING "id"  [["song_name", "ãƒ‰ãƒ©ã‚´ãƒ³ãƒŠã‚¤ãƒˆ"], ["lyric", "ãƒ‰ãƒ©ã‚´ãƒ³ãƒŠã‚¤ãƒˆ ä»Šå®µã€åƒ•ãŸã¡ã¯å‹é”ã®ã‚ˆã†ã«æ­Œã†ã ã‚ã† ãƒ ãƒ¼ãƒ³ãƒ©ã‚¤ãƒˆã€ã‚¹ã‚¿ãƒ¼ãƒªã‚¹ã‚«ã‚¤ã€ãƒ•ã‚¡ã‚¤ã‚¢ãƒ¼ãƒãƒ¼ãƒ‰ ä»Šå®µã€åƒ•ãŸã¡ã¯å‹é”ã®ã‚ˆã†ã«è¸Šã‚‹ã‚“ã "], ["created_at", "2016-07-30 22:05:29.254429"], ["updated_at", "2016-07-30 22:05:29.254429"]]
  [1m[36m (0.3ms)[0m  [1mCOMMIT[0m


Started GET "/lyrics" for 127.0.0.1 at 2016-07-31 07:05:46 +0900
Processing by LyricsController#index as */*
  [1m[36mLyric Load (0.7ms)[0m  [1mSELECT "lyrics".* FROM "lyrics"[0m
  [1m[35mSong Load (0.5ms)[0m  SELECT  "songs".* FROM "songs" WHERE "songs"."id" = $1 LIMIT 1  [["id", 1]]
  [1m[36mSong Load (0.3ms)[0m  [1mSELECT  "songs".* FROM "songs" WHERE "songs"."id" = $1 LIMIT 1[0m  [["id", 2]]
  [1m[35mSong Load (0.2ms)[0m  SELECT  "songs".* FROM "songs" WHERE "songs"."id" = $1 LIMIT 1  [["id", 3]]
  [1m[36mSong Load (0.2ms)[0m  [1mSELECT  "songs".* FROM "songs" WHERE "songs"."id" = $1 LIMIT 1[0m  [["id", 4]]
  Rendered lyrics/index.json.jbuilder (42.5ms)
Completed 200 OK in 67ms (Views: 40.8ms | ActiveRecord: 8.2ms)


Started GET "/songs" for 127.0.0.1 at 2016-07-31 07:05:58 +0900
Processing by SongsController#index as */*
  [1m[35mSong Load (0.3ms)[0m  SELECT "songs".* FROM "songs"
  Rendered songs/index.json.jbuilder (2.7ms)
Completed 200 OK in 5ms (Views: 4.9ms | ActiveRecord: 0.3ms)


Started POST "/twitter_infos" for ::1 at 2016-07-31 07:07:51 +0900
Processing by TwitterInfosController#create as */*
  Parameters: {"content"=>["èƒ½åŠ›å¼·åŒ–çŠ¶æ…‹ã§ãƒãƒƒã‚«ã‚½ãƒ³ãŒå‡ºæ¥ã‚‹ã®ã‹ã€å®Ÿéš›ã«ã‚„ã£ã¦ã¿ãŸã„", "ä½“èª¿ãŒè‰¯ããªã£ã¦ããŸ", "ã¨ãªã‚Šã®ã•ã¦ãã‚“ãŒã‚ã¡ã‚ƒãã¡ã‚ƒã‹ã‚†ãã†ã«ã—ã¦ã‚‹", "çŸ³å·»ãƒãƒƒã‚«ã‚½ãƒ³ã«æ¥ãŸ", "ãƒãƒƒã‚«ã‚½ãƒ³ä¸­ã€ã€ã€ã‚‚ã†ã™ãã‚«ãƒ¬ãƒ¼ãŒæ¥ã‚‹ã‚‰ã—ã„", "ã„ã‚„ãƒ¼ã€ç‰›ã‚¿ãƒ³ã¯ã„ã„ãã‰ï½", "å·®ã—å…¥ã‚Œã‚ã¡ã‚ƒãã¡ã‚ƒå¬‰ã—ã„ã§ã™ï¼\nã‚ã‚ŠãŒã¨ã†ã”ã–ã„ã¾ã™ï¼", "çŸ³å·»ãƒãƒƒã‚«ã‚½ãƒ³æœ€é«˜ï¼", "èƒ½åŠ›å¼·åŒ–çŠ¶æ…‹ã§ãƒãƒƒã‚«ã‚½ãƒ³ãŒå‡ºæ¥ã‚‹ã®ã‹ã€å®Ÿéš›ã«ã‚„ã£ã¦ã¿ãŸã„", "ä½“èª¿ãŒè‰¯ããªã£ã¦ããŸ", "ã¨ãªã‚Šã®ã•ã¦ãã‚“ãŒã‚ã¡ã‚ƒãã¡ã‚ƒã‹ã‚†ãã†ã«ã—ã¦ã‚‹", "çŸ³å·»ãƒãƒƒã‚«ã‚½ãƒ³ã«æ¥ãŸ", "ãƒãƒƒã‚«ã‚½ãƒ³ä¸­ã€ã€ã€ã‚‚ã†ã™ãã‚«ãƒ¬ãƒ¼ãŒæ¥ã‚‹ã‚‰ã—ã„", "ã„ã‚„ãƒ¼ã€ç‰›ã‚¿ãƒ³ã¯ã„ã„ãã‰ï½", "å·®ã—å…¥ã‚Œã‚ã¡ã‚ƒãã¡ã‚ƒå¬‰ã—ã„ã§ã™ï¼\nã‚ã‚ŠãŒã¨ã†ã”ã–ã„ã¾ã™ï¼", "çŸ³å·»ãƒãƒƒã‚«ã‚½ãƒ³æœ€é«˜ï¼"]}
  [1m[36m (0.1ms)[0m  [1mBEGIN[0m
  [1m[35mSQL (0.5ms)[0m  INSERT INTO "twitter_infos" ("content", "created_at", "updated_at") VALUES ($1, $2, $3) RETURNING "id"  [["content", "èƒ½åŠ›å¼·åŒ–çŠ¶æ…‹ã§ãƒãƒƒã‚«ã‚½ãƒ³ãŒå‡ºæ¥ã‚‹ã®ã‹ã€å®Ÿéš›ã«ã‚„ã£ã¦ã¿ãŸã„"], ["created_at", "2016-07-30 22:07:51.589323"], ["updated_at", "2016-07-30 22:07:51.589323"]]
  [1m[36m (0.4ms)[0m  [1mCOMMIT[0m
  [1m[35m (0.1ms)[0m  BEGIN
  [1m[36mSQL (0.2ms)[0m  [1mINSERT INTO "twitter_infos" ("content", "created_at", "updated_at") VALUES ($1, $2, $3) RETURNING "id"[0m  [["content", "ä½“èª¿ãŒè‰¯ããªã£ã¦ããŸ"], ["created_at", "2016-07-30 22:07:51.593673"], ["updated_at", "2016-07-30 22:07:51.593673"]]
  [1m[35m (0.3ms)[0m  COMMIT
  [1m[36m (0.1ms)[0m  [1mBEGIN[0m
  [1m[35mSQL (3.0ms)[0m  INSERT INTO "twitter_infos" ("content", "created_at", "updated_at") VALUES ($1, $2, $3) RETURNING "id"  [["content", "ã¨ãªã‚Šã®ã•ã¦ãã‚“ãŒã‚ã¡ã‚ƒãã¡ã‚ƒã‹ã‚†ãã†ã«ã—ã¦ã‚‹"], ["created_at", "2016-07-30 22:07:51.595489"], ["updated_at", "2016-07-30 22:07:51.595489"]]
  [1m[36m (0.5ms)[0m  [1mCOMMIT[0m
  [1m[35m (0.1ms)[0m  BEGIN
  [1m[36mSQL (0.4ms)[0m  [1mINSERT INTO "twitter_infos" ("content", "created_at", "updated_at") VALUES ($1, $2, $3) RETURNING "id"[0m  [["content", "çŸ³å·»ãƒãƒƒã‚«ã‚½ãƒ³ã«æ¥ãŸ"], ["created_at", "2016-07-30 22:07:51.600857"], ["updated_at", "2016-07-30 22:07:51.600857"]]
  [1m[35m (0.3ms)[0m  COMMIT
  [1m[36m (0.1ms)[0m  [1mBEGIN[0m
  [1m[35mSQL (0.2ms)[0m  INSERT INTO "twitter_infos" ("content", "created_at", "updated_at") VALUES ($1, $2, $3) RETURNING "id"  [["content", "ãƒãƒƒã‚«ã‚½ãƒ³ä¸­ã€ã€ã€ã‚‚ã†ã™ãã‚«ãƒ¬ãƒ¼ãŒæ¥ã‚‹ã‚‰ã—ã„"], ["created_at", "2016-07-30 22:07:51.602808"], ["updated_at", "2016-07-30 22:07:51.602808"]]
  [1m[36m (0.3ms)[0m  [1mCOMMIT[0m
  [1m[35m (0.1ms)[0m  BEGIN
  [1m[36mSQL (0.2ms)[0m  [1mINSERT INTO "twitter_infos" ("content", "created_at", "updated_at") VALUES ($1, $2, $3) RETURNING "id"[0m  [["content", "ã„ã‚„ãƒ¼ã€ç‰›ã‚¿ãƒ³ã¯ã„ã„ãã‰ï½"], ["created_at", "2016-07-30 22:07:51.604510"], ["updated_at", "2016-07-30 22:07:51.604510"]]
  [1m[35m (1.4ms)[0m  COMMIT
  [1m[36m (0.3ms)[0m  [1mBEGIN[0m
  [1m[35mSQL (0.2ms)[0m  INSERT INTO "twitter_infos" ("content", "created_at", "updated_at") VALUES ($1, $2, $3) RETURNING "id"  [["content", "å·®ã—å…¥ã‚Œã‚ã¡ã‚ƒãã¡ã‚ƒå¬‰ã—ã„ã§ã™ï¼\nã‚ã‚ŠãŒã¨ã†ã”ã–ã„ã¾ã™ï¼"], ["created_at", "2016-07-30 22:07:51.658955"], ["updated_at", "2016-07-30 22:07:51.658955"]]
  [1m[36m (0.3ms)[0m  [1mCOMMIT[0m
  [1m[35m (0.1ms)[0m  BEGIN
  [1m[36mSQL (0.2ms)[0m  [1mINSERT INTO "twitter_infos" ("content", "created_at", "updated_at") VALUES ($1, $2, $3) RETURNING "id"[0m  [["content", "çŸ³å·»ãƒãƒƒã‚«ã‚½ãƒ³æœ€é«˜ï¼"], ["created_at", "2016-07-30 22:07:51.661083"], ["updated_at", "2016-07-30 22:07:51.661083"]]
  [1m[35m (0.3ms)[0m  COMMIT
  [1m[36m (0.1ms)[0m  [1mBEGIN[0m
  [1m[35mSQL (0.2ms)[0m  INSERT INTO "twitter_infos" ("content", "created_at", "updated_at") VALUES ($1, $2, $3) RETURNING "id"  [["content", "èƒ½åŠ›å¼·åŒ–çŠ¶æ…‹ã§ãƒãƒƒã‚«ã‚½ãƒ³ãŒå‡ºæ¥ã‚‹ã®ã‹ã€å®Ÿéš›ã«ã‚„ã£ã¦ã¿ãŸã„"], ["created_at", "2016-07-30 22:07:51.662852"], ["updated_at", "2016-07-30 22:07:51.662852"]]
  [1m[36m (0.4ms)[0m  [1mCOMMIT[0m
  [1m[35m (0.1ms)[0m  BEGIN
  [1m[36mSQL (0.2ms)[0m  [1mINSERT INTO "twitter_infos" ("content", "created_at", "updated_at") VALUES ($1, $2, $3) RETURNING "id"[0m  [["content", "ä½“èª¿ãŒè‰¯ããªã£ã¦ããŸ"], ["created_at", "2016-07-30 22:07:51.708993"], ["updated_at", "2016-07-30 22:07:51.708993"]]
  [1m[35m (0.3ms)[0m  COMMIT
  [1m[36m (0.1ms)[0m  [1mBEGIN[0m
  [1m[35mSQL (0.2ms)[0m  INSERT INTO "twitter_infos" ("content", "created_at", "updated_at") VALUES ($1, $2, $3) RETURNING "id"  [["content", "ã¨ãªã‚Šã®ã•ã¦ãã‚“ãŒã‚ã¡ã‚ƒãã¡ã‚ƒã‹ã‚†ãã†ã«ã—ã¦ã‚‹"], ["created_at", "2016-07-30 22:07:51.710885"], ["updated_at", "2016-07-30 22:07:51.710885"]]
  [1m[36m (0.3ms)[0m  [1mCOMMIT[0m
  [1m[35m (0.1ms)[0m  BEGIN
  [1m[36mSQL (0.2ms)[0m  [1mINSERT INTO "twitter_infos" ("content", "created_at", "updated_at") VALUES ($1, $2, $3) RETURNING "id"[0m  [["content", "çŸ³å·»ãƒãƒƒã‚«ã‚½ãƒ³ã«æ¥ãŸ"], ["created_at", "2016-07-30 22:07:51.712719"], ["updated_at", "2016-07-30 22:07:51.712719"]]
  [1m[35m (0.4ms)[0m  COMMIT
  [1m[36m (0.1ms)[0m  [1mBEGIN[0m
  [1m[35mSQL (0.2ms)[0m  INSERT INTO "twitter_infos" ("content", "created_at", "updated_at") VALUES ($1, $2, $3) RETURNING "id"  [["content", "ãƒãƒƒã‚«ã‚½ãƒ³ä¸­ã€ã€ã€ã‚‚ã†ã™ãã‚«ãƒ¬ãƒ¼ãŒæ¥ã‚‹ã‚‰ã—ã„"], ["created_at", "2016-07-30 22:07:51.714594"], ["updated_at", "2016-07-30 22:07:51.714594"]]
  [1m[36m (0.3ms)[0m  [1mCOMMIT[0m
  [1m[35m (0.1ms)[0m  BEGIN
  [1m[36mSQL (0.6ms)[0m  [1mINSERT INTO "twitter_infos" ("content", "created_at", "updated_at") VALUES ($1, $2, $3) RETURNING "id"[0m  [["content", "ã„ã‚„ãƒ¼ã€ç‰›ã‚¿ãƒ³ã¯ã„ã„ãã‰ï½"], ["created_at", "2016-07-30 22:07:51.716520"], ["updated_at", "2016-07-30 22:07:51.716520"]]
  [1m[35m (0.9ms)[0m  COMMIT
  [1m[36m (0.2ms)[0m  [1mBEGIN[0m
  [1m[35mSQL (0.2ms)[0m  INSERT INTO "twitter_infos" ("content", "created_at", "updated_at") VALUES ($1, $2, $3) RETURNING "id"  [["content", "å·®ã—å…¥ã‚Œã‚ã¡ã‚ƒãã¡ã‚ƒå¬‰ã—ã„ã§ã™ï¼\nã‚ã‚ŠãŒã¨ã†ã”ã–ã„ã¾ã™ï¼"], ["created_at", "2016-07-30 22:07:51.722830"], ["updated_at", "2016-07-30 22:07:51.722830"]]
  [1m[36m (0.4ms)[0m  [1mCOMMIT[0m
  [1m[35m (0.1ms)[0m  BEGIN
  [1m[36mSQL (0.2ms)[0m  [1mINSERT INTO "twitter_infos" ("content", "created_at", "updated_at") VALUES ($1, $2, $3) RETURNING "id"[0m  [["content", "çŸ³å·»ãƒãƒƒã‚«ã‚½ãƒ³æœ€é«˜ï¼"], ["created_at", "2016-07-30 22:07:51.724883"], ["updated_at", "2016-07-30 22:07:51.724883"]]
  [1m[35m (0.3ms)[0m  COMMIT
  Rendered twitter_infos/create.json.jbuilder (3.0ms)
Completed 200 OK in 171ms (Views: 7.4ms | ActiveRecord: 20.7ms)
